<?xml version="1.0" encoding="UTF-8"?>
<!-- Generated by org.testng.reporters.JUnitReportReporter -->
<testsuite hostname="NODE175" name="com.company.testclasses.Testgoogle" tests="1" failures="0" timestamp="6 Nov 2014 10:03:19 GMT" time="5.775" errors="0">
  <testcase name="testgoogle" time="5.775" classname="com.company.testclasses.Testgoogle"/>
</testsuite> <!-- com.company.testclasses.Testgoogle -->
